#
# There is insufficient memory for the Java Runtime Environment to continue.
# Native memory allocation (mmap) failed to map 130023424 bytes for G1 virtual space
# Possible reasons:
#   The system is out of physical RAM or swap space
#   The process is running with CompressedOops enabled, and the Java Heap may be blocking the growth of the native heap
# Possible solutions:
#   Reduce memory load on the system
#   Increase physical memory or swap space
#   Check if swap backing store is full
#   Decrease Java heap size (-Xmx/-Xms)
#   Decrease number of Java threads
#   Decrease Java thread stack sizes (-Xss)
#   Set larger code cache with -XX:ReservedCodeCacheSize=
#   JVM is running with Unscaled Compressed Oops mode in which the Java heap is
#     placed in the first 4GB address space. The Java Heap base address is the
#     maximum limit for the native heap growth. Please use -XX:HeapBaseMinAddress
#     to set the Java Heap base and to place the Java Heap above 4GB virtual address.
# This output file may be truncated or incomplete.
#
#  Out of Memory Error (os_windows.cpp:3600), pid=14944, tid=24736
#
# JRE version:  (21.0+35) (build )
# Java VM: Java HotSpot(TM) 64-Bit Server VM (21+35-LTS-2513, mixed mode, sharing, tiered, compressed oops, compressed class ptrs, g1 gc, windows-amd64)
# No core dump will be written. Minidumps are not enabled by default on client versions of Windows
#

---------------  S U M M A R Y ------------

Command Line: -Dfile.encoding=UTF-8 -Dstdout.encoding=UTF-8 -Dstderr.encoding=UTF-8 -XX:+ShowCodeDetailsInExceptionMessages employee.management.system.UpdateEmployee

Host: 11th Gen Intel(R) Core(TM) i5-1155G7 @ 2.50GHz, 8 cores, 7G,  Windows 11 , 64 bit Build 22621 (10.0.22621.2506)
Time: Thu Jan 25 18:32:33 2024 India Standard Time elapsed time: 0.015421 seconds (0d 0h 0m 0s)

---------------  T H R E A D  ---------------

Current thread (0x000002b673998580):  JavaThread "Unknown thread" [_thread_in_vm, id=24736, stack(0x000000e638600000,0x000000e638700000) (1024K)]

Stack: [0x000000e638600000,0x000000e638700000]
Native frames: (J=compiled Java code, j=interpreted, Vv=VM code, C=native code)
V  [jvm.dll+0x6c8d39]
V  [jvm.dll+0x854091]
V  [jvm.dll+0x85630e]
V  [jvm.dll+0x8569e3]
V  [jvm.dll+0x2809a6]
V  [jvm.dll+0x6c5425]
V  [jvm.dll+0x6b9e1a]
V  [jvm.dll+0x3555ba]
V  [jvm.dll+0x35d206]
V  [jvm.dll+0x3adf6e]
V  [jvm.dll+0x3ae218]
V  [jvm.dll+0x328fcc]
V  [jvm.dll+0x329b5b]
V  [jvm.dll+0x81c699]
V  [jvm.dll+0x3bb2a1]
V  [jvm.dll+0x805688]
V  [jvm.dll+0x44ed9e]
V  [jvm.dll+0x4506a1]
C  [jli.dll+0x52a3]
C  [ucrtbase.dll+0x29363]
C  [KERNEL32.DLL+0x1257d]
C  [ntdll.dll+0x5aa58]


---------------  P R O C E S S  ---------------

Threads class SMR info:
_java_thread_list=0x00007ff90f947b48, length=0, elements={
}

Java Threads: ( => current thread )
Total: 0

Other Threads:
  0x000002b675b8be60 WorkerThread "GC Thread#0"                     [id=22856, stack(0x000000e638700000,0x000000e638800000) (1024K)]
  0x000002b675b9c640 ConcurrentGCThread "G1 Main Marker"            [id=21184, stack(0x000000e638800000,0x000000e638900000) (1024K)]
  0x000002b675b9d950 WorkerThread "G1 Conc#0"                       [id=12924, stack(0x000000e638900000,0x000000e638a00000) (1024K)]

[error occurred during error reporting (printing all threads), id 0xc0000005, EXCEPTION_ACCESS_VIOLATION (0xc0000005) at pc=0x00007ff90f0bc097]
VM state: not at safepoint (not fully initialized)

VM Mutex/Monitor currently owned by a thread:  ([mutex/lock_event])
[0x00007ff90f9b8648] Heap_lock - owner thread: 0x000002b673998580

Heap address: 0x0000000084000000, size: 1984 MB, Compressed Oops mode: 32-bit

CDS archive(s) mapped at: [0x0000000000000000-0x0000000000000000-0x0000000000000000), size 0, SharedBaseAddress: 0x0000000800000000, ArchiveRelocationMode: 1.
Narrow klass base: 0x0000000000000000, Narrow klass shift: 0, Narrow klass range: 0x0

GC Precious Log:
 CardTable entry size: 512
 Card Set container configuration: InlinePtr #cards 5 size 8 Array Of Cards #cards 12 size 40 Howl #buckets 4 coarsen threshold 1843 Howl Bitmap #cards 512 size 80 coarsen threshold 460 Card regions per heap region 1 cards per card region 2048

Heap:
 garbage-first heap   total 0K, used 0K [0x0000000084000000, 0x0000000100000000)
  region size 1024K, 0 young (0K), 0 survivors (0K)

[error occurred during error reporting (printing heap information), id 0xc0000005, EXCEPTION_ACCESS_VIOLATION (0xc0000005) at pc=0x00007ff90f4a1939]
GC Heap History (0 events):
No events

Dll operation events (1 events):
Event: 0.007 Loaded shared library C:\Program Files\Java\jdk-21\bin\java.dll

Deoptimization events (0 events):
No events

Classes loaded (0 events):
No events

Classes unloaded (0 events):
No events

Classes redefined (0 events):
No events

Internal exceptions (0 events):
No events

ZGC Phase Switch (0 events):
No events

VM Operations (0 events):
No events

Events (0 events):
No events


Dynamic libraries:
0x00007ff6f8d00000 - 0x00007ff6f8d10000 	C:\Program Files\Java\jdk-21\bin\javaw.exe
0x00007ff988230000 - 0x00007ff988447000 	C:\Windows\SYSTEM32\ntdll.dll
0x00007ff987530000 - 0x00007ff9875f4000 	C:\Windows\System32\KERNEL32.DLL
0x00007ff985ba0000 - 0x00007ff985f46000 	C:\Windows\System32\KERNELBASE.dll
0x00007ff9858e0000 - 0x00007ff9859f1000 	C:\Windows\System32\ucrtbase.dll
0x00007ff94fe50000 - 0x00007ff94fe6b000 	C:\Program Files\Java\jdk-21\bin\VCRUNTIME140.dll
0x00007ff94fe30000 - 0x00007ff94fe49000 	C:\Program Files\Java\jdk-21\bin\jli.dll
0x00007ff986080000 - 0x00007ff986133000 	C:\Windows\System32\ADVAPI32.dll
0x00007ff9868d0000 - 0x00007ff986977000 	C:\Windows\System32\msvcrt.dll
0x00007ff986220000 - 0x00007ff9862c8000 	C:\Windows\System32\sechost.dll
0x00007ff9858b0000 - 0x00007ff9858d8000 	C:\Windows\System32\bcrypt.dll
0x00007ff986980000 - 0x00007ff986a97000 	C:\Windows\System32\RPCRT4.dll
0x00007ff986660000 - 0x00007ff98680e000 	C:\Windows\System32\USER32.dll
0x00007ff985f50000 - 0x00007ff985f76000 	C:\Windows\System32\win32u.dll
0x00007ff9773f0000 - 0x00007ff977683000 	C:\Windows\WinSxS\amd64_microsoft.windows.common-controls_6595b64144ccf1df_6.0.22621.2506_none_270c5ae97388e100\COMCTL32.dll
0x00007ff986de0000 - 0x00007ff986e09000 	C:\Windows\System32\GDI32.dll
0x00007ff985a00000 - 0x00007ff985b18000 	C:\Windows\System32\gdi32full.dll
0x00007ff985810000 - 0x00007ff9858aa000 	C:\Windows\System32\msvcp_win.dll
0x00007ff97c680000 - 0x00007ff97c68a000 	C:\Windows\SYSTEM32\VERSION.dll
0x00007ff986470000 - 0x00007ff9864a1000 	C:\Windows\System32\IMM32.DLL
0x00007ff94fe20000 - 0x00007ff94fe2c000 	C:\Program Files\Java\jdk-21\bin\vcruntime140_1.dll
0x00007ff90faa0000 - 0x00007ff90fb2e000 	C:\Program Files\Java\jdk-21\bin\msvcp140.dll
0x00007ff90ed80000 - 0x00007ff90fa93000 	C:\Program Files\Java\jdk-21\bin\server\jvm.dll
0x00007ff9874b0000 - 0x00007ff987521000 	C:\Windows\System32\WS2_32.dll
0x00007ff984d90000 - 0x00007ff984ddd000 	C:\Windows\SYSTEM32\POWRPROF.dll
0x00007ff97d830000 - 0x00007ff97d864000 	C:\Windows\SYSTEM32\WINMM.dll
0x00007ff984cf0000 - 0x00007ff984d03000 	C:\Windows\SYSTEM32\UMPDC.dll
0x00007ff9845a0000 - 0x00007ff9845b8000 	C:\Windows\SYSTEM32\kernel.appcore.dll
0x00007ff94fe10000 - 0x00007ff94fe1a000 	C:\Program Files\Java\jdk-21\bin\jimage.dll
0x00007ff982970000 - 0x00007ff982ba3000 	C:\Windows\SYSTEM32\DBGHELP.DLL
0x00007ff987e60000 - 0x00007ff9881e9000 	C:\Windows\System32\combase.dll
0x00007ff986140000 - 0x00007ff986217000 	C:\Windows\System32\OLEAUT32.dll
0x00007ff96cf50000 - 0x00007ff96cf82000 	C:\Windows\SYSTEM32\dbgcore.DLL
0x00007ff985b20000 - 0x00007ff985b9a000 	C:\Windows\System32\bcryptPrimitives.dll
0x00007ff94fdf0000 - 0x00007ff94fe0f000 	C:\Program Files\Java\jdk-21\bin\java.dll

dbghelp: loaded successfully - version: 4.0.5 - missing functions: none
symbol engine: initialized successfully - sym options: 0x614 - pdb path: .;C:\Program Files\Java\jdk-21\bin;C:\Windows\SYSTEM32;C:\Windows\WinSxS\amd64_microsoft.windows.common-controls_6595b64144ccf1df_6.0.22621.2506_none_270c5ae97388e100;C:\Program Files\Java\jdk-21\bin\server

VM Arguments:
jvm_args: -Dfile.encoding=UTF-8 -Dstdout.encoding=UTF-8 -Dstderr.encoding=UTF-8 -XX:+ShowCodeDetailsInExceptionMessages 
java_command: employee.management.system.UpdateEmployee
java_class_path (initial): C:\Users\mukes\EclipesJava\Employee-Management-System\build\classes;C:\Users\mukes\EclipesJava\Employee-Management-System\jarFiles\jcalendar-tz-1.3.3-4.jar;C:\Users\mukes\EclipesJava\Employee-Management-System\jarFiles\mysql-connector-java-8.0.11.jar;C:\Users\mukes\EclipesJava\Employee-Management-System\jarFiles\rs2xml.jar
Launcher Type: SUN_STANDARD

[Global flags]
     intx CICompilerCount                          = 4                                         {product} {ergonomic}
     uint ConcGCThreads                            = 2                                         {product} {ergonomic}
     uint G1ConcRefinementThreads                  = 8                                         {product} {ergonomic}
   size_t G1HeapRegionSize                         = 1048576                                   {product} {ergonomic}
    uintx GCDrainStackTargetSize                   = 64                                        {product} {ergonomic}
   size_t InitialHeapSize                          = 130023424                                 {product} {ergonomic}
   size_t MarkStackSize                            = 4194304                                   {product} {ergonomic}
   size_t MaxHeapSize                              = 2080374784                                {product} {ergonomic}
   size_t MinHeapDeltaBytes                        = 1048576                                   {product} {ergonomic}
   size_t MinHeapSize                              = 8388608                                   {product} {ergonomic}
    uintx NonNMethodCodeHeapSize                   = 5839372                                {pd product} {ergonomic}
    uintx NonProfiledCodeHeapSize                  = 122909434                              {pd product} {ergonomic}
    uintx ProfiledCodeHeapSize                     = 122909434                              {pd product} {ergonomic}
    uintx ReservedCodeCacheSize                    = 251658240                              {pd product} {ergonomic}
     bool SegmentedCodeCache                       = true                                      {product} {ergonomic}
     bool ShowCodeDetailsInExceptionMessages       = true                                   {manageable} {command line}
   size_t SoftMaxHeapSize                          = 2080374784                             {manageable} {ergonomic}
     bool UseCompressedOops                        = true                           {product lp64_product} {ergonomic}
     bool UseG1GC                                  = true                                      {product} {ergonomic}
     bool UseLargePagesIndividualAllocation        = false                                  {pd product} {ergonomic}

Logging:
Log output configuration:
 #0: stdout all=warning uptime,level,tags foldmultilines=false
 #1: stderr all=off uptime,level,tags foldmultilines=false

Environment Variables:
PATH=C:\Program Files\Common Files\Oracle\Java\javapath;C:\Windows\system32;C:\Windows;C:\Windows\System32\Wbem;C:\Windows\System32\WindowsPowerShell\v1.0\;C:\Windows\System32\OpenSSH\;C:\Program Files\Git\cmd;C:\Program Files\Git\mingw64\bin;C:\Program Files\Git\usr\bin;C:\Program Files\nodejs\node_modules\npm\bin;C:\Program Files\nodejs\;C:\Users\mukes\Downloads\php-8.3.1\php-8.3.1\ext\zip;C:\Users\mukes\AppData\Local\Programs\Python\Python312\Scripts;C:\Users\mukes\Downloads\php-8.3.1 (1).tar.gz\php-8.3.1\scripts;C:\Users\mukes\AppData\Local\Programs\Python\Python312\Scripts\;C:\Users\mukes\AppData\Local\Programs\Python\Python312\;C:\Users\mukes\AppData\Local\Programs\Python\Launcher\;C:\Program Files\MySQL\MySQL Shell 8.0\bin\;C:\Users\mukes\AppData\Local\Microsoft\WindowsApps;C:\Users\mukes\Microsoft VS Code\bin;C:\MinGW\bin;C:\Program Files\Java\jdk-21\bin;C:\Program Files\MySQL\MySQL Server 8.0\bin;C:\Old Leptop\muku\apache-tomcat-8.5.92\bin;C:\Users\mukes\AppData\Local\JetBrains\Toolbox\scripts;C:\Program Files\nodejs\node_modules\npm\bin;C:\Users\mukes\AppData\Roaming\npm;C:\Users\mukes\AppData\Local\Programs\Python\Python312\Scripts;C:\xampp\mysql\bin;C:\xampp\php\scripts;C:\Users\mukes\Downloads\php-8.3.1 (1).tar.gz\php-8.3.1\scripts;
USERNAME=mukes
OS=Windows_NT
PROCESSOR_IDENTIFIER=Intel64 Family 6 Model 140 Stepping 2, GenuineIntel
TMP=C:\Users\mukes\AppData\Local\Temp
TEMP=C:\Users\mukes\AppData\Local\Temp




---------------  S Y S T E M  ---------------

OS:
 Windows 11 , 64 bit Build 22621 (10.0.22621.2506)
OS uptime: 0 days 6:28 hours

CPU: total 8 (initial active 8) (4 cores per cpu, 2 threads per core) family 6 model 140 stepping 2 microcode 0x22, cx8, cmov, fxsr, ht, mmx, 3dnowpref, sse, sse2, sse3, ssse3, sse4.1, sse4.2, popcnt, lzcnt, tsc, tscinvbit, avx, avx2, aes, erms, clmul, bmi1, bmi2, adx, avx512f, avx512dq, avx512cd, avx512bw, avx512vl, sha, fma, vzeroupper, avx512_vpopcntdq, avx512_vpclmulqdq, avx512_vaes, avx512_vnni, clflush, clflushopt, clwb, avx512_vbmi2, avx512_vbmi, rdtscp, rdpid, fsrm, gfni, avx512_bitalg, f16c, pku, cet_ibt, cet_ss, avx512_ifma
Processor Information for all 8 processors :
  Max Mhz: 2496, Current Mhz: 2496, Mhz Limit: 2496

Memory: 4k page, system-wide physical 7934M (808M free)
TotalPageFile size 32510M (AvailPageFile size 75M)
current process WorkingSet (physical memory assigned to process): 11M, peak: 11M
current process commit charge ("private bytes"): 60M, peak: 184M

vm_info: Java HotSpot(TM) 64-Bit Server VM (21+35-LTS-2513) for windows-amd64 JRE (21+35-LTS-2513), built on 2023-08-09T20:25:10Z by "mach5one" with MS VC++ 17.1 (VS2022)

END.
